[0.009s] Invoking command in '/home/yinzi/DJI_ws/build/DJI_Driver': CMAKE_PREFIX_PATH=${CMAKE_PREFIX_PATH}:/opt/ros/humble /usr/bin/cmake /home/yinzi/DJI_ws/DJI_Driver -DCMAKE_INSTALL_PREFIX=/home/yinzi/DJI_ws/install/DJI_Driver
[0.084s] -- The C compiler identification is GNU 11.4.0
[0.179s] -- The CXX compiler identification is GNU 11.4.0
[0.191s] -- Detecting C compiler ABI info
[0.283s] -- Detecting C compiler ABI info - done
[0.293s] -- Check for working C compiler: /usr/bin/cc - skipped
[0.294s] -- Detecting C compile features
[0.295s] -- Detecting C compile features - done
[0.301s] -- Detecting CXX compiler ABI info
[0.393s] -- Detecting CXX compiler ABI info - done
[0.399s] -- Check for working CXX compiler: /usr/bin/c++ - skipped
[0.399s] -- Detecting CXX compile features
[0.399s] -- Detecting CXX compile features - done
[0.406s] -- Found ament_cmake: 1.3.11 (/opt/ros/humble/share/ament_cmake/cmake)
[0.859s] -- Found Python3: /usr/bin/python3 (found version "3.10.12") found components: Interpreter 
[0.939s] -- Found rclcpp: 16.0.11 (/opt/ros/humble/share/rclcpp/cmake)
[0.981s] -- Found rosidl_generator_c: 3.1.6 (/opt/ros/humble/share/rosidl_generator_c/cmake)
[0.985s] -- Found rosidl_adapter: 3.1.6 (/opt/ros/humble/share/rosidl_adapter/cmake)
[0.991s] -- Found rosidl_generator_cpp: 3.1.6 (/opt/ros/humble/share/rosidl_generator_cpp/cmake)
[1.001s] -- Using all available rosidl_typesupport_c: rosidl_typesupport_fastrtps_c;rosidl_typesupport_introspection_c
[1.015s] -- Using all available rosidl_typesupport_cpp: rosidl_typesupport_fastrtps_cpp;rosidl_typesupport_introspection_cpp
[1.051s] -- Found rmw_implementation_cmake: 6.1.2 (/opt/ros/humble/share/rmw_implementation_cmake/cmake)
[1.053s] -- Found rmw_fastrtps_cpp: 6.2.7 (/opt/ros/humble/share/rmw_fastrtps_cpp/cmake)
[1.136s] -- Found OpenSSL: /usr/lib/x86_64-linux-gnu/libcrypto.so (found version "3.0.2")  
[1.161s] -- Found FastRTPS: /opt/ros/humble/include  
[1.189s] -- Using RMW implementation 'rmw_fastrtps_cpp' as default
[1.197s] -- Looking for pthread.h
[1.287s] -- Looking for pthread.h - found
[1.288s] -- Performing Test CMAKE_HAVE_LIBC_PTHREAD
[1.370s] -- Performing Test CMAKE_HAVE_LIBC_PTHREAD - Success
[1.371s] -- Found Threads: TRUE  
[1.422s] -- Found geometry_msgs: 4.2.4 (/opt/ros/humble/share/geometry_msgs/cmake)
[1.433s] -- Found serial: 1.2.1 (/usr/local/share/serial/cmake)
[1.436s] -- Found ament_lint_auto: 0.12.11 (/opt/ros/humble/share/ament_lint_auto/cmake)
[1.479s] WARNING: Package name "DJI_Driver" does not follow the naming conventions. It should start with a lower case letter and only contain lower case letters, digits, underscores, and dashes.
[1.498s] -- Added test 'cppcheck' to perform static code analysis on C / C++ code
[1.498s] -- Configured cppcheck include dirs: /home/yinzi/DJI_ws/DJI_Driver/include;$<BUILD_INTERFACE:/home/yinzi/DJI_ws/DJI_Driver/include>
[1.498s] -- Configured cppcheck exclude dirs and/or files: 
[1.498s] -- Added test 'lint_cmake' to check CMake code style
[1.499s] -- Added test 'uncrustify' to check C / C++ code style
[1.499s] -- Configured uncrustify additional arguments: 
[1.500s] -- Added test 'xmllint' to check XML markup files
[1.501s] -- Configuring done
[1.506s] -- Generating done
[1.509s] -- Build files have been written to: /home/yinzi/DJI_ws/build/DJI_Driver
[1.515s] Invoked command in '/home/yinzi/DJI_ws/build/DJI_Driver' returned '0': CMAKE_PREFIX_PATH=${CMAKE_PREFIX_PATH}:/opt/ros/humble /usr/bin/cmake /home/yinzi/DJI_ws/DJI_Driver -DCMAKE_INSTALL_PREFIX=/home/yinzi/DJI_ws/install/DJI_Driver
[1.516s] Invoking command in '/home/yinzi/DJI_ws/build/DJI_Driver': CMAKE_PREFIX_PATH=${CMAKE_PREFIX_PATH}:/opt/ros/humble /usr/bin/cmake --build /home/yinzi/DJI_ws/build/DJI_Driver -- -j20 -l20
[1.572s] [ 50%] [32mBuilding CXX object CMakeFiles/dji_driver_node.dir/src/dji_driver_node.cpp.o[0m
[1.783s] In file included from [01m[K/home/yinzi/DJI_ws/DJI_Driver/src/dji_driver_node.cpp:1[m[K:
[1.783s] [01m[K/home/yinzi/DJI_ws/DJI_Driver/include/DJI_Driver/dji_driver_node.hpp:7:10:[m[K [01;31m[Kfatal error: [m[Knav_msgs/msg/odometry.hpp: æ²¡æœ‰é‚£ä¸ªæ–‡ä»¶æˆ–ç›®å½•
[1.783s]     7 | #include [01;31m[K<nav_msgs/msg/odometry.hpp>[m[K
[1.783s]       |          [01;31m[K^~~~~~~~~~~~~~~~~~~~~~~~~~~[m[K
[1.783s] compilation terminated.
[1.784s] gmake[2]: *** [CMakeFiles/dji_driver_node.dir/build.make:76ï¼šCMakeFiles/dji_driver_node.dir/src/dji_driver_node.cpp.o] é”™è¯¯ 1
[1.784s] gmake[1]: *** [CMakeFiles/Makefile2:137ï¼šCMakeFiles/dji_driver_node.dir/all] é”™è¯¯ 2
[1.785s] gmake: *** [Makefile:146ï¼šall] é”™è¯¯ 2
[1.787s] Invoked command in '/home/yinzi/DJI_ws/build/DJI_Driver' returned '2': CMAKE_PREFIX_PATH=${CMAKE_PREFIX_PATH}:/opt/ros/humble /usr/bin/cmake --build /home/yinzi/DJI_ws/build/DJI_Driver -- -j20 -l20
