[01m[K/home/yinzi/DJI_ws/dji_driver/src/dji_protocol.cpp:[m[K In function ‘[01m[Kuint8_t dji_driver::calculate_encoder_checksum(const dji_driver::EncoderData&)[m[K’:
[01m[K/home/yinzi/DJI_ws/dji_driver/src/dji_protocol.cpp:132:10:[m[K [01;31m[Kerror: [m[K‘[01m[Ksize_t[m[K’ was not declared in this scope; did you mean ‘[01m[Kstd::size_t[m[K’?
  132 |     for ([01;31m[Ksize_t[m[K i = 0; i < sizeof(EncoderData) - 2; ++i)
      |          [01;31m[K^~~~~~[m[K
      |          [32m[Kstd::size_t[m[K
In file included from [01m[K/usr/include/c++/11/cstdint:38[m[K,
                 from [01m[K/home/yinzi/DJI_ws/dji_driver/include/dji_driver/dji_protocol.hpp:4[m[K,
                 from [01m[K/home/yinzi/DJI_ws/dji_driver/src/dji_protocol.cpp:1[m[K:
[01m[K/usr/include/x86_64-linux-gnu/c++/11/bits/c++config.h:280:33:[m[K [01;36m[Knote: [m[K‘[01m[Kstd::size_t[m[K’ declared here
  280 |   typedef __SIZE_TYPE__         [01;36m[Ksize_t[m[K;
      |                                 [01;36m[K^~~~~~[m[K
[01m[K/home/yinzi/DJI_ws/dji_driver/src/dji_protocol.cpp:132:24:[m[K [01;31m[Kerror: [m[K‘[01m[Ki[m[K’ was not declared in this scope
  132 |     for (size_t i = 0; [01;31m[Ki[m[K < sizeof(EncoderData) - 2; ++i)
      |                        [01;31m[K^[m[K
gmake[2]: *** [CMakeFiles/dji_driver_node.dir/build.make:90：CMakeFiles/dji_driver_node.dir/src/dji_protocol.cpp.o] 错误 1
gmake[2]: *** 正在等待未完成的任务....
gmake[1]: *** [CMakeFiles/Makefile2:137：CMakeFiles/dji_driver_node.dir/all] 错误 2
gmake: *** [Makefile:146：all] 错误 2
