[01m[K/home/yinzi/DJI_ws/dji_driver/src/dji_protocol.cpp:[m[K In function â€˜[01m[Kuint8_t dji_driver::calculate_encoder_checksum(const dji_driver::EncoderData&)[m[Kâ€™:
[01m[K/home/yinzi/DJI_ws/dji_driver/src/dji_protocol.cpp:132:10:[m[K [01;31m[Kerror: [m[Kâ€˜[01m[Ksize_t[m[Kâ€™ was not declared in this scope; did you mean â€˜[01m[Kstd::size_t[m[Kâ€™?
  132 |     for ([01;31m[Ksize_t[m[K i = 0; i < sizeof(EncoderData) - 2; ++i)
      |          [01;31m[K^~~~~~[m[K
      |          [32m[Kstd::size_t[m[K
In file included from [01m[K/usr/include/c++/11/cstdint:38[m[K,
                 from [01m[K/home/yinzi/DJI_ws/dji_driver/include/dji_driver/dji_protocol.hpp:4[m[K,
                 from [01m[K/home/yinzi/DJI_ws/dji_driver/src/dji_protocol.cpp:1[m[K:
[01m[K/usr/include/x86_64-linux-gnu/c++/11/bits/c++config.h:280:33:[m[K [01;36m[Knote: [m[Kâ€˜[01m[Kstd::size_t[m[Kâ€™ declared here
  280 |   typedef __SIZE_TYPE__         [01;36m[Ksize_t[m[K;
      |                                 [01;36m[K^~~~~~[m[K
[01m[K/home/yinzi/DJI_ws/dji_driver/src/dji_protocol.cpp:132:24:[m[K [01;31m[Kerror: [m[Kâ€˜[01m[Ki[m[Kâ€™ was not declared in this scope
  132 |     for (size_t i = 0; [01;31m[Ki[m[K < sizeof(EncoderData) - 2; ++i)
      |                        [01;31m[K^[m[K
gmake[2]: *** [CMakeFiles/dji_driver_node.dir/build.make:90ï¼šCMakeFiles/dji_driver_node.dir/src/dji_protocol.cpp.o] é”™è¯¯ 1
gmake[2]: *** æ­£åœ¨ç­‰å¾…æœªå®Œæˆçš„ä»»åŠ¡....
gmake[1]: *** [CMakeFiles/Makefile2:137ï¼šCMakeFiles/dji_driver_node.dir/all] é”™è¯¯ 2
gmake: *** [Makefile:146ï¼šall] é”™è¯¯ 2
