-- Found ament_cmake: 1.3.11 (/opt/ros/humble/share/ament_cmake/cmake)
-- Found rclcpp: 16.0.11 (/opt/ros/humble/share/rclcpp/cmake)
-- Found rosidl_generator_c: 3.1.6 (/opt/ros/humble/share/rosidl_generator_c/cmake)
-- Found rosidl_adapter: 3.1.6 (/opt/ros/humble/share/rosidl_adapter/cmake)
-- Found rosidl_generator_cpp: 3.1.6 (/opt/ros/humble/share/rosidl_generator_cpp/cmake)
-- Using all available rosidl_typesupport_c: rosidl_typesupport_fastrtps_c;rosidl_typesupport_introspection_c
-- Using all available rosidl_typesupport_cpp: rosidl_typesupport_fastrtps_cpp;rosidl_typesupport_introspection_cpp
-- Found rmw_implementation_cmake: 6.1.2 (/opt/ros/humble/share/rmw_implementation_cmake/cmake)
-- Found rmw_fastrtps_cpp: 6.2.7 (/opt/ros/humble/share/rmw_fastrtps_cpp/cmake)
-- Using RMW implementation 'rmw_fastrtps_cpp' as default
-- Found geometry_msgs: 4.2.4 (/opt/ros/humble/share/geometry_msgs/cmake)
-- Found serial: 1.2.1 (/usr/local/share/serial/cmake)
-- Found nav_msgs: 4.2.4 (/opt/ros/humble/share/nav_msgs/cmake)
-- Found tf2: 0.25.12 (/opt/ros/humble/share/tf2/cmake)
-- Found tf2_ros: 0.25.12 (/opt/ros/humble/share/tf2_ros/cmake)
-- Found tf2_geometry_msgs: 0.25.12 (/opt/ros/humble/share/tf2_geometry_msgs/cmake)
-- Found eigen3_cmake_module: 0.1.1 (/opt/ros/humble/share/eigen3_cmake_module/cmake)
-- Found Eigen3: TRUE (found version "3.4.0") 
-- Ensuring Eigen3 include directory is part of orocos-kdl CMake target
-- Found ament_lint_auto: 0.12.11 (/opt/ros/humble/share/ament_lint_auto/cmake)
-- Added test 'cppcheck' to perform static code analysis on C / C++ code
-- Configured cppcheck include dirs: /home/yinzi/DJI_ws/dji_driver/include;$<BUILD_INTERFACE:/home/yinzi/DJI_ws/dji_driver/include>
-- Configured cppcheck exclude dirs and/or files: 
-- Added test 'flake8' to check Python code syntax and style conventions
-- Added test 'lint_cmake' to check CMake code style
-- Added test 'pep257' to check Python code against some of the docstring style conventions in PEP 257
-- Added test 'uncrustify' to check C / C++ code style
-- Configured uncrustify additional arguments: 
-- Added test 'xmllint' to check XML markup files
-- Configuring done
-- Generating done
-- Build files have been written to: /home/yinzi/DJI_ws/build/dji_driver
[35m[1mConsolidate compiler generated dependencies of target dji_driver_node[0m
[ 66%] [32mBuilding CXX object CMakeFiles/dji_driver_node.dir/src/dji_driver_node.cpp.o[0m
[ 66%] [32mBuilding CXX object CMakeFiles/dji_driver_node.dir/src/dji_protocol.cpp.o[0m
[01m[K/home/yinzi/DJI_ws/dji_driver/src/dji_protocol.cpp:[m[K In function â€˜[01m[Kuint8_t dji_driver::calculate_encoder_checksum(const dji_driver::EncoderData&)[m[Kâ€™:
[01m[K/home/yinzi/DJI_ws/dji_driver/src/dji_protocol.cpp:132:10:[m[K [01;31m[Kerror: [m[Kâ€˜[01m[Ksize_t[m[Kâ€™ was not declared in this scope; did you mean â€˜[01m[Kstd::size_t[m[Kâ€™?
  132 |     for ([01;31m[Ksize_t[m[K i = 0; i < sizeof(EncoderData) - 2; ++i)
      |          [01;31m[K^~~~~~[m[K
      |          [32m[Kstd::size_t[m[K
In file included from [01m[K/usr/include/c++/11/cstdint:38[m[K,
                 from [01m[K/home/yinzi/DJI_ws/dji_driver/include/dji_driver/dji_protocol.hpp:4[m[K,
                 from [01m[K/home/yinzi/DJI_ws/dji_driver/src/dji_protocol.cpp:1[m[K:
[01m[K/usr/include/x86_64-linux-gnu/c++/11/bits/c++config.h:280:33:[m[K [01;36m[Knote: [m[Kâ€˜[01m[Kstd::size_t[m[Kâ€™ declared here
  280 |   typedef __SIZE_TYPE__         [01;36m[Ksize_t[m[K;
      |                                 [01;36m[K^~~~~~[m[K
[01m[K/home/yinzi/DJI_ws/dji_driver/src/dji_protocol.cpp:132:24:[m[K [01;31m[Kerror: [m[Kâ€˜[01m[Ki[m[Kâ€™ was not declared in this scope
  132 |     for (size_t i = 0; [01;31m[Ki[m[K < sizeof(EncoderData) - 2; ++i)
      |                        [01;31m[K^[m[K
gmake[2]: *** [CMakeFiles/dji_driver_node.dir/build.make:90ï¼šCMakeFiles/dji_driver_node.dir/src/dji_protocol.cpp.o] é”™è¯¯ 1
gmake[2]: *** æ­£åœ¨ç­‰å¾…æœªå®Œæˆçš„ä»»åŠ¡....
gmake[1]: *** [CMakeFiles/Makefile2:137ï¼šCMakeFiles/dji_driver_node.dir/all] é”™è¯¯ 2
gmake: *** [Makefile:146ï¼šall] é”™è¯¯ 2
