[0.008s] Invoking command in '/home/yinzi/DJI_ws/build/dji_driver': CMAKE_PREFIX_PATH=${CMAKE_PREFIX_PATH}:/opt/ros/humble /usr/bin/cmake --build /home/yinzi/DJI_ws/build/dji_driver -- -j20 -l20
[0.026s] -- Found ament_cmake: 1.3.11 (/opt/ros/humble/share/ament_cmake/cmake)
[0.117s] -- Found rclcpp: 16.0.11 (/opt/ros/humble/share/rclcpp/cmake)
[0.136s] -- Found rosidl_generator_c: 3.1.6 (/opt/ros/humble/share/rosidl_generator_c/cmake)
[0.137s] -- Found rosidl_adapter: 3.1.6 (/opt/ros/humble/share/rosidl_adapter/cmake)
[0.141s] -- Found rosidl_generator_cpp: 3.1.6 (/opt/ros/humble/share/rosidl_generator_cpp/cmake)
[0.147s] -- Using all available rosidl_typesupport_c: rosidl_typesupport_fastrtps_c;rosidl_typesupport_introspection_c
[0.155s] -- Using all available rosidl_typesupport_cpp: rosidl_typesupport_fastrtps_cpp;rosidl_typesupport_introspection_cpp
[0.175s] -- Found rmw_implementation_cmake: 6.1.2 (/opt/ros/humble/share/rmw_implementation_cmake/cmake)
[0.176s] -- Found rmw_fastrtps_cpp: 6.2.7 (/opt/ros/humble/share/rmw_fastrtps_cpp/cmake)
[0.247s] -- Using RMW implementation 'rmw_fastrtps_cpp' as default
[0.278s] -- Found geometry_msgs: 4.2.4 (/opt/ros/humble/share/geometry_msgs/cmake)
[0.286s] -- Found serial: 1.2.1 (/usr/local/share/serial/cmake)
[0.286s] -- Found nav_msgs: 4.2.4 (/opt/ros/humble/share/nav_msgs/cmake)
[0.297s] -- Found tf2: 0.25.12 (/opt/ros/humble/share/tf2/cmake)
[0.299s] -- Found tf2_ros: 0.25.12 (/opt/ros/humble/share/tf2_ros/cmake)
[0.377s] -- Found tf2_geometry_msgs: 0.25.12 (/opt/ros/humble/share/tf2_geometry_msgs/cmake)
[0.394s] -- Found eigen3_cmake_module: 0.1.1 (/opt/ros/humble/share/eigen3_cmake_module/cmake)
[0.395s] -- Found Eigen3: TRUE (found version "3.4.0") 
[0.395s] -- Ensuring Eigen3 include directory is part of orocos-kdl CMake target
[0.397s] -- Found ament_lint_auto: 0.12.11 (/opt/ros/humble/share/ament_lint_auto/cmake)
[0.442s] -- Added test 'cppcheck' to perform static code analysis on C / C++ code
[0.442s] -- Configured cppcheck include dirs: /home/yinzi/DJI_ws/dji_driver/include;$<BUILD_INTERFACE:/home/yinzi/DJI_ws/dji_driver/include>
[0.442s] -- Configured cppcheck exclude dirs and/or files: 
[0.442s] -- Added test 'flake8' to check Python code syntax and style conventions
[0.442s] -- Added test 'lint_cmake' to check CMake code style
[0.443s] -- Added test 'pep257' to check Python code against some of the docstring style conventions in PEP 257
[0.443s] -- Added test 'uncrustify' to check C / C++ code style
[0.443s] -- Configured uncrustify additional arguments: 
[0.443s] -- Added test 'xmllint' to check XML markup files
[0.444s] -- Configuring done
[0.453s] -- Generating done
[0.456s] -- Build files have been written to: /home/yinzi/DJI_ws/build/dji_driver
[0.487s] [35m[1mConsolidate compiler generated dependencies of target dji_driver_node[0m
[0.508s] [ 66%] [32mBuilding CXX object CMakeFiles/dji_driver_node.dir/src/dji_driver_node.cpp.o[0m
[0.508s] [ 66%] [32mBuilding CXX object CMakeFiles/dji_driver_node.dir/src/dji_protocol.cpp.o[0m
[0.529s] [01m[K/home/yinzi/DJI_ws/dji_driver/src/dji_protocol.cpp:[m[K In function â€˜[01m[Kuint8_t dji_driver::calculate_encoder_checksum(const dji_driver::EncoderData&)[m[Kâ€™:
[0.529s] [01m[K/home/yinzi/DJI_ws/dji_driver/src/dji_protocol.cpp:132:10:[m[K [01;31m[Kerror: [m[Kâ€˜[01m[Ksize_t[m[Kâ€™ was not declared in this scope; did you mean â€˜[01m[Kstd::size_t[m[Kâ€™?
[0.529s]   132 |     for ([01;31m[Ksize_t[m[K i = 0; i < sizeof(EncoderData) - 2; ++i)
[0.529s]       |          [01;31m[K^~~~~~[m[K
[0.529s]       |          [32m[Kstd::size_t[m[K
[0.529s] In file included from [01m[K/usr/include/c++/11/cstdint:38[m[K,
[0.530s]                  from [01m[K/home/yinzi/DJI_ws/dji_driver/include/dji_driver/dji_protocol.hpp:4[m[K,
[0.530s]                  from [01m[K/home/yinzi/DJI_ws/dji_driver/src/dji_protocol.cpp:1[m[K:
[0.530s] [01m[K/usr/include/x86_64-linux-gnu/c++/11/bits/c++config.h:280:33:[m[K [01;36m[Knote: [m[Kâ€˜[01m[Kstd::size_t[m[Kâ€™ declared here
[0.530s]   280 |   typedef __SIZE_TYPE__         [01;36m[Ksize_t[m[K;
[0.530s]       |                                 [01;36m[K^~~~~~[m[K
[0.530s] [01m[K/home/yinzi/DJI_ws/dji_driver/src/dji_protocol.cpp:132:24:[m[K [01;31m[Kerror: [m[Kâ€˜[01m[Ki[m[Kâ€™ was not declared in this scope
[0.530s]   132 |     for (size_t i = 0; [01;31m[Ki[m[K < sizeof(EncoderData) - 2; ++i)
[0.530s]       |                        [01;31m[K^[m[K
[0.531s] gmake[2]: *** [CMakeFiles/dji_driver_node.dir/build.make:90ï¼šCMakeFiles/dji_driver_node.dir/src/dji_protocol.cpp.o] é”™è¯¯ 1
[0.531s] gmake[2]: *** æ­£åœ¨ç­‰å¾…æœªå®Œæˆçš„ä»»åŠ¡....
[5.869s] gmake[1]: *** [CMakeFiles/Makefile2:137ï¼šCMakeFiles/dji_driver_node.dir/all] é”™è¯¯ 2
[5.869s] gmake: *** [Makefile:146ï¼šall] é”™è¯¯ 2
[5.872s] Invoked command in '/home/yinzi/DJI_ws/build/dji_driver' returned '2': CMAKE_PREFIX_PATH=${CMAKE_PREFIX_PATH}:/opt/ros/humble /usr/bin/cmake --build /home/yinzi/DJI_ws/build/dji_driver -- -j20 -l20
